{"level":"INFO","time":"2025-03-19T21:19:18.074+0700","caller":"internal/initialize.go:19","msg":"Server is starting..."}
{"level":"INFO","time":"2025-03-19T21:46:20.201+0700","caller":"internal/initialize.go:19","msg":"Server is starting..."}
{"level":"INFO","time":"2025-03-20T20:42:20.201+0700","caller":"config/mysql.config.go:28","msg":"Connected to MySQL successfully"}
{"level":"INFO","time":"2025-03-20T20:43:31.776+0700","caller":"config/mysql.config.go:28","msg":"Connected to MySQL successfully"}
{"level":"ERROR","time":"2025-03-20T21:25:40.200+0700","caller":"config/mysql.config.go:23","msg":"Failed to connect to MySQLdial tcp [::1]:3306: connectex: No connection could be made because the target machine actively refused it."}
{"level":"INFO","time":"2025-03-20T21:27:26.097+0700","caller":"config/mysql.config.go:28","msg":"Connected to MySQL successfully"}
{"level":"INFO","time":"2025-03-21T11:39:50.755+0700","caller":"config/mysql.config.go:28","msg":"Connected to MySQL successfully"}
{"level":"INFO","time":"2025-03-21T11:39:50.875+0700","caller":"config/redis.config.go:29","msg":"Connected to Redis successfully"}
{"level":"INFO","time":"2025-03-21T11:40:30.929+0700","caller":"config/mysql.config.go:28","msg":"Connected to MySQL successfully"}
{"level":"INFO","time":"2025-03-21T11:40:31.037+0700","caller":"config/redis.config.go:29","msg":"Connected to Redis successfully"}
{"level":"INFO","time":"2025-03-21T17:44:37.820+0700","caller":"config/mysql.config.go:28","msg":"Connected to MySQL successfully"}
{"level":"INFO","time":"2025-03-21T17:44:37.929+0700","caller":"config/redis.config.go:29","msg":"Connected to Redis successfully"}
{"level":"INFO","time":"2025-03-21T22:32:06.928+0700","caller":"config/mysql.config.go:28","msg":"Connected to MySQL successfully"}
{"level":"INFO","time":"2025-03-21T22:32:07.042+0700","caller":"config/redis.config.go:28","msg":"Connected to Redis successfully"}
{"level":"INFO","time":"2025-03-21T22:32:35.138+0700","caller":"config/mysql.config.go:28","msg":"Connected to MySQL successfully"}
{"level":"INFO","time":"2025-03-21T22:32:35.243+0700","caller":"config/redis.config.go:28","msg":"Connected to Redis successfully"}
{"level":"INFO","time":"2025-03-21T22:32:44.128+0700","caller":"config/mysql.config.go:28","msg":"Connected to MySQL successfully"}
{"level":"INFO","time":"2025-03-21T22:32:44.220+0700","caller":"config/redis.config.go:28","msg":"Connected to Redis successfully"}
{"level":"INFO","time":"2025-03-23T09:46:00.673+0700","caller":"config/mysql.config.go:28","msg":"Connected to MySQL successfully"}
{"level":"INFO","time":"2025-03-23T09:46:00.799+0700","caller":"config/redis.config.go:28","msg":"Connected to Redis successfully"}
{"level":"INFO","time":"2025-03-24T22:04:05.289+0700","caller":"config/mysql.config.go:28","msg":"Connected to MySQL successfully"}
{"level":"INFO","time":"2025-03-24T22:04:05.487+0700","caller":"config/redis.config.go:28","msg":"Connected to Redis successfully"}
{"level":"INFO","time":"2025-03-26T21:24:08.907+0700","caller":"config/mysql.config.go:28","msg":"Connected to MySQL successfully"}
{"level":"INFO","time":"2025-03-26T21:24:08.971+0700","caller":"config/redis.config.go:28","msg":"Connected to Redis successfully"}
{"level":"INFO","time":"2025-03-26T21:26:23.966+0700","caller":"config/mysql.config.go:28","msg":"Connected to MySQL successfully"}
{"level":"INFO","time":"2025-03-26T21:26:24.027+0700","caller":"config/redis.config.go:28","msg":"Connected to Redis successfully"}
{"level":"INFO","time":"2025-03-26T21:48:57.419+0700","caller":"config/mysql.config.go:28","msg":"Connected to MySQL successfully"}
{"level":"INFO","time":"2025-03-26T21:48:57.640+0700","caller":"config/redis.config.go:28","msg":"Connected to Redis successfully"}
{"level":"INFO","time":"2025-03-26T21:49:18.291+0700","caller":"config/mysql.config.go:28","msg":"Connected to MySQL successfully"}
{"level":"INFO","time":"2025-03-26T21:49:18.463+0700","caller":"config/redis.config.go:28","msg":"Connected to Redis successfully"}
{"level":"INFO","time":"2025-03-26T21:53:14.648+0700","caller":"config/mysql.config.go:29","msg":"Connected to MySQL successfully"}
{"level":"INFO","time":"2025-03-26T21:53:14.668+0700","caller":"config/redis.config.go:28","msg":"Connected to Redis successfully"}
{"level":"INFO","time":"2025-03-26T21:58:27.264+0700","caller":"config/mysql.config.go:29","msg":"Connected to MySQL successfully"}
{"level":"INFO","time":"2025-03-26T21:58:27.270+0700","caller":"config/redis.config.go:28","msg":"Connected to Redis successfully"}
{"level":"INFO","time":"2025-03-27T21:06:00.739+0700","caller":"config/mysql.config.go:29","msg":"Connected to MySQL successfully"}
{"level":"INFO","time":"2025-03-27T21:06:00.747+0700","caller":"config/redis.config.go:28","msg":"Connected to Redis successfully"}
{"level":"INFO","time":"2025-03-27T21:13:29.768+0700","caller":"config/mysql.config.go:29","msg":"Connected to MySQL successfully"}
{"level":"INFO","time":"2025-03-27T21:13:29.778+0700","caller":"config/redis.config.go:28","msg":"Connected to Redis successfully"}
{"level":"INFO","time":"2025-03-27T21:17:57.812+0700","caller":"config/mysql.config.go:29","msg":"Connected to MySQL successfully"}
{"level":"INFO","time":"2025-03-27T21:17:57.819+0700","caller":"config/redis.config.go:28","msg":"Connected to Redis successfully"}
{"level":"INFO","time":"2025-03-27T21:22:53.320+0700","caller":"config/mysql.config.go:29","msg":"Connected to MySQL successfully"}
{"level":"INFO","time":"2025-03-27T21:22:53.326+0700","caller":"config/redis.config.go:28","msg":"Connected to Redis successfully"}
{"level":"INFO","time":"2025-03-27T21:24:04.491+0700","caller":"config/mysql.config.go:29","msg":"Connected to MySQL successfully"}
{"level":"INFO","time":"2025-03-27T21:24:04.496+0700","caller":"config/redis.config.go:28","msg":"Connected to Redis successfully"}
{"level":"INFO","time":"2025-03-27T21:24:57.517+0700","caller":"config/mysql.config.go:29","msg":"Connected to MySQL successfully"}
{"level":"INFO","time":"2025-03-27T21:24:57.523+0700","caller":"config/redis.config.go:28","msg":"Connected to Redis successfully"}
{"level":"INFO","time":"2025-03-27T21:33:29.920+0700","caller":"config/mysql.config.go:29","msg":"Connected to MySQL successfully"}
{"level":"INFO","time":"2025-03-27T21:33:29.929+0700","caller":"config/redis.config.go:28","msg":"Connected to Redis successfully"}
{"level":"INFO","time":"2025-03-27T21:38:48.986+0700","caller":"config/mysql.config.go:29","msg":"Connected to MySQL successfully"}
{"level":"INFO","time":"2025-03-27T21:38:48.992+0700","caller":"config/redis.config.go:28","msg":"Connected to Redis successfully"}
{"level":"INFO","time":"2025-03-27T21:43:07.427+0700","caller":"config/mysql.config.go:29","msg":"Connected to MySQL successfully"}
{"level":"INFO","time":"2025-03-27T21:43:07.432+0700","caller":"config/redis.config.go:28","msg":"Connected to Redis successfully"}
{"level":"INFO","time":"2025-03-27T21:48:55.566+0700","caller":"config/mysql.config.go:29","msg":"Connected to MySQL successfully"}
{"level":"INFO","time":"2025-03-27T21:48:55.571+0700","caller":"config/redis.config.go:28","msg":"Connected to Redis successfully"}
{"level":"INFO","time":"2025-03-27T21:49:47.584+0700","caller":"config/mysql.config.go:29","msg":"Connected to MySQL successfully"}
{"level":"INFO","time":"2025-03-27T21:49:47.589+0700","caller":"config/redis.config.go:28","msg":"Connected to Redis successfully"}
{"level":"INFO","time":"2025-03-27T21:50:54.554+0700","caller":"config/mysql.config.go:29","msg":"Connected to MySQL successfully"}
{"level":"INFO","time":"2025-03-27T21:50:54.559+0700","caller":"config/redis.config.go:28","msg":"Connected to Redis successfully"}
{"level":"INFO","time":"2025-03-27T21:53:38.469+0700","caller":"config/mysql.config.go:29","msg":"Connected to MySQL successfully"}
{"level":"INFO","time":"2025-03-27T21:53:38.475+0700","caller":"config/redis.config.go:28","msg":"Connected to Redis successfully"}
{"level":"INFO","time":"2025-03-27T21:57:52.635+0700","caller":"config/mysql.config.go:29","msg":"Connected to MySQL successfully"}
{"level":"INFO","time":"2025-03-27T21:57:52.640+0700","caller":"config/redis.config.go:28","msg":"Connected to Redis successfully"}
{"level":"INFO","time":"2025-03-27T22:07:27.138+0700","caller":"config/mysql.config.go:29","msg":"Connected to MySQL successfully"}
{"level":"INFO","time":"2025-03-27T22:07:27.144+0700","caller":"config/redis.config.go:28","msg":"Connected to Redis successfully"}
{"level":"INFO","time":"2025-03-27T22:10:52.921+0700","caller":"config/mysql.config.go:29","msg":"Connected to MySQL successfully"}
{"level":"INFO","time":"2025-03-27T22:10:52.926+0700","caller":"config/redis.config.go:28","msg":"Connected to Redis successfully"}
{"level":"INFO","time":"2025-03-27T22:15:41.329+0700","caller":"config/mysql.config.go:29","msg":"Connected to MySQL successfully"}
{"level":"INFO","time":"2025-03-27T22:15:41.336+0700","caller":"config/redis.config.go:28","msg":"Connected to Redis successfully"}
{"level":"INFO","time":"2025-03-27T22:21:41.896+0700","caller":"config/mysql.config.go:29","msg":"Connected to MySQL successfully"}
{"level":"INFO","time":"2025-03-27T22:21:41.901+0700","caller":"config/redis.config.go:28","msg":"Connected to Redis successfully"}
{"level":"INFO","time":"2025-03-27T22:25:46.594+0700","caller":"config/mysql.config.go:29","msg":"Connected to MySQL successfully"}
{"level":"INFO","time":"2025-03-27T22:25:46.600+0700","caller":"config/redis.config.go:28","msg":"Connected to Redis successfully"}
{"level":"INFO","time":"2025-03-27T22:28:01.553+0700","caller":"config/mysql.config.go:29","msg":"Connected to MySQL successfully"}
{"level":"INFO","time":"2025-03-27T22:28:01.558+0700","caller":"config/redis.config.go:28","msg":"Connected to Redis successfully"}
{"level":"INFO","time":"2025-03-27T22:30:55.774+0700","caller":"config/mysql.config.go:29","msg":"Connected to MySQL successfully"}
{"level":"INFO","time":"2025-03-27T22:30:55.778+0700","caller":"config/redis.config.go:28","msg":"Connected to Redis successfully"}
{"level":"INFO","time":"2025-03-27T22:33:38.407+0700","caller":"config/mysql.config.go:29","msg":"Connected to MySQL successfully"}
{"level":"INFO","time":"2025-03-27T22:33:38.414+0700","caller":"config/redis.config.go:28","msg":"Connected to Redis successfully"}
{"level":"INFO","time":"2025-03-27T22:36:54.031+0700","caller":"config/mysql.config.go:29","msg":"Connected to MySQL successfully"}
{"level":"INFO","time":"2025-03-27T22:36:54.038+0700","caller":"config/redis.config.go:28","msg":"Connected to Redis successfully"}
{"level":"INFO","time":"2025-03-27T22:42:11.963+0700","caller":"config/mysql.config.go:29","msg":"Connected to MySQL successfully"}
{"level":"INFO","time":"2025-03-27T22:42:11.975+0700","caller":"config/redis.config.go:28","msg":"Connected to Redis successfully"}
{"level":"INFO","time":"2025-03-29T21:51:10.374+0700","caller":"config/mysql.config.go:29","msg":"Connected to MySQL successfully"}
{"level":"INFO","time":"2025-03-29T21:51:10.818+0700","caller":"config/redis.config.go:28","msg":"Connected to Redis successfully"}
{"level":"INFO","time":"2025-03-30T08:40:29.035+0700","caller":"config/mysql.config.go:29","msg":"Connected to MySQL successfully"}
{"level":"ERROR","time":"2025-03-30T08:40:29.483+0700","caller":"config/redis.config.go:24","msg":"Failed to connect to Redis","error":"dial tcp [::1]:6379: connectex: No connection could be made because the target machine actively refused it."}
{"level":"INFO","time":"2025-03-30T09:49:08.758+0700","caller":"config/mysql.config.go:29","msg":"Connected to MySQL successfully"}
{"level":"INFO","time":"2025-03-30T09:49:08.768+0700","caller":"config/redis.config.go:28","msg":"Connected to Redis successfully"}
{"level":"INFO","time":"2025-04-05T15:11:49.944+0700","caller":"config/mysql.config.go:29","msg":"Connected to MySQL successfully"}
{"level":"INFO","time":"2025-04-05T15:11:49.956+0700","caller":"config/redis.config.go:28","msg":"Connected to Redis successfully"}
{"level":"INFO","time":"2025-04-05T16:39:00.405+0700","caller":"config/mysql.config.go:29","msg":"Connected to MySQL successfully"}
{"level":"INFO","time":"2025-04-05T16:39:00.421+0700","caller":"config/redis.config.go:28","msg":"Connected to Redis successfully"}
{"level":"INFO","time":"2025-04-05T16:48:18.567+0700","caller":"config/mysql.config.go:29","msg":"Connected to MySQL successfully"}
{"level":"INFO","time":"2025-04-05T16:48:18.577+0700","caller":"config/redis.config.go:28","msg":"Connected to Redis successfully"}
{"level":"INFO","time":"2025-04-05T16:57:41.331+0700","caller":"config/mysql.config.go:29","msg":"Connected to MySQL successfully"}
{"level":"INFO","time":"2025-04-05T16:57:41.339+0700","caller":"config/redis.config.go:28","msg":"Connected to Redis successfully"}
{"level":"INFO","time":"2025-04-05T17:03:31.717+0700","caller":"config/mysql.config.go:29","msg":"Connected to MySQL successfully"}
{"level":"INFO","time":"2025-04-05T17:03:31.744+0700","caller":"config/redis.config.go:28","msg":"Connected to Redis successfully"}
{"level":"INFO","time":"2025-04-05T20:42:06.789+0700","caller":"config/mysql.config.go:29","msg":"Connected to MySQL successfully"}
{"level":"INFO","time":"2025-04-05T20:42:06.821+0700","caller":"config/redis.config.go:28","msg":"Connected to Redis successfully"}
{"level":"INFO","time":"2025-04-05T20:46:12.026+0700","caller":"config/mysql.config.go:29","msg":"Connected to MySQL successfully"}
{"level":"INFO","time":"2025-04-05T20:46:12.035+0700","caller":"config/redis.config.go:28","msg":"Connected to Redis successfully"}
{"level":"INFO","time":"2025-04-05T21:08:51.752+0700","caller":"config/mysql.config.go:29","msg":"Connected to MySQL successfully"}
{"level":"INFO","time":"2025-04-05T21:08:51.765+0700","caller":"config/redis.config.go:28","msg":"Connected to Redis successfully"}
{"level":"INFO","time":"2025-04-05T21:12:25.368+0700","caller":"config/mysql.config.go:29","msg":"Connected to MySQL successfully"}
{"level":"INFO","time":"2025-04-05T21:12:25.373+0700","caller":"config/redis.config.go:28","msg":"Connected to Redis successfully"}
{"level":"INFO","time":"2025-04-05T21:14:21.757+0700","caller":"config/mysql.config.go:29","msg":"Connected to MySQL successfully"}
{"level":"INFO","time":"2025-04-05T21:14:21.763+0700","caller":"config/redis.config.go:28","msg":"Connected to Redis successfully"}
{"level":"INFO","time":"2025-04-05T21:27:49.073+0700","caller":"config/mysql.config.go:29","msg":"Connected to MySQL successfully"}
{"level":"INFO","time":"2025-04-05T21:27:49.080+0700","caller":"config/redis.config.go:28","msg":"Connected to Redis successfully"}
{"level":"INFO","time":"2025-04-05T21:48:54.872+0700","caller":"config/mysql.config.go:29","msg":"Connected to MySQL successfully"}
{"level":"INFO","time":"2025-04-05T21:48:54.880+0700","caller":"config/redis.config.go:28","msg":"Connected to Redis successfully"}
{"level":"INFO","time":"2025-04-05T22:11:18.409+0700","caller":"config/mysql.config.go:29","msg":"Connected to MySQL successfully"}
{"level":"INFO","time":"2025-04-05T22:11:18.418+0700","caller":"config/redis.config.go:28","msg":"Connected to Redis successfully"}
{"level":"INFO","time":"2025-04-05T22:29:15.810+0700","caller":"config/mysql.config.go:29","msg":"Connected to MySQL successfully"}
{"level":"INFO","time":"2025-04-05T22:29:15.816+0700","caller":"config/redis.config.go:28","msg":"Connected to Redis successfully"}
{"level":"INFO","time":"2025-04-06T20:19:39.012+0700","caller":"config/mysql.config.go:29","msg":"Connected to MySQL successfully"}
{"level":"INFO","time":"2025-04-06T20:19:39.017+0700","caller":"config/redis.config.go:28","msg":"Connected to Redis successfully"}
{"level":"INFO","time":"2025-04-06T20:29:29.291+0700","caller":"config/mysql.config.go:29","msg":"Connected to MySQL successfully"}
{"level":"INFO","time":"2025-04-06T20:29:29.295+0700","caller":"config/redis.config.go:28","msg":"Connected to Redis successfully"}
{"level":"INFO","time":"2025-04-06T20:55:02.926+0700","caller":"config/mysql.config.go:29","msg":"Connected to MySQL successfully"}
{"level":"INFO","time":"2025-04-06T20:55:02.938+0700","caller":"config/redis.config.go:28","msg":"Connected to Redis successfully"}
{"level":"INFO","time":"2025-04-06T21:05:31.208+0700","caller":"config/mysql.config.go:29","msg":"Connected to MySQL successfully"}
{"level":"INFO","time":"2025-04-06T21:05:31.215+0700","caller":"config/redis.config.go:28","msg":"Connected to Redis successfully"}
{"level":"INFO","time":"2025-04-06T21:22:49.563+0700","caller":"config/mysql.config.go:29","msg":"Connected to MySQL successfully"}
{"level":"INFO","time":"2025-04-06T21:22:49.575+0700","caller":"config/redis.config.go:28","msg":"Connected to Redis successfully"}
{"level":"INFO","time":"2025-04-07T09:50:10.093+0700","caller":"config/mysql.config.go:29","msg":"Connected to MySQL successfully"}
{"level":"INFO","time":"2025-04-07T09:50:10.097+0700","caller":"config/redis.config.go:28","msg":"Connected to Redis successfully"}
